Flow report for Project1
Fri Feb  6 19:20:22 2015
Quartus II 32-bit Version 13.0.1 Build 232 06/12/2013 Service Pack 1 SJ Web Edition


---------------------
; Table of Contents ;
---------------------
  1. Legal Notice
  2. Flow Summary
  3. Flow Settings
  4. Flow Non-Default Global Settings
  5. Flow Elapsed Time
  6. Flow OS Summary
  7. Flow Log
  8. Flow Messages
  9. Flow Suppressed Messages



----------------
; Legal Notice ;
----------------
Copyright (C) 1991-2013 Altera Corporation
Your use of Altera Corporation's design tools, logic functions 
and other software and tools, and its AMPP partner logic 
functions, and any output files from any of the foregoing 
(including device programming or simulation files), and any 
associated documentation or information are expressly subject 
to the terms and conditions of the Altera Program License 
Subscription Agreement, Altera MegaCore Function License 
Agreement, or other applicable license agreement, including, 
without limitation, that your use is for the sole purpose of 
programming logic devices manufactured by Altera and sold by 
Altera or its authorized distributors.  Please refer to the 
applicable agreement for further details.



+--------------------------------------------------------------------------------------+
; Flow Summary                                                                         ;
+------------------------------------+-------------------------------------------------+
; Flow Status                        ; Analyzed - Fri Feb  6 19:20:22 2015             ;
; Quartus II 32-bit Version          ; 13.0.1 Build 232 06/12/2013 SP 1 SJ Web Edition ;
; Revision Name                      ; Project1                                        ;
; Top-level Entity Name              ; Project1                                        ;
; Family                             ; Cyclone II                                      ;
; Device                             ; EP2C20F484C7                                    ;
; Timing Models                      ; Final                                           ;
; Total logic elements               ; 170 / 18,752 ( < 1 % )                          ;
;     Total combinational functions  ; 170 / 18,752 ( < 1 % )                          ;
;     Dedicated logic registers      ; 44 / 18,752 ( < 1 % )                           ;
; Total registers                    ; 44                                              ;
; Total pins                         ; 61 / 315 ( 19 % )                               ;
; Total virtual pins                 ; 0                                               ;
; Total memory bits                  ; 0 / 239,616 ( 0 % )                             ;
; Embedded Multiplier 9-bit elements ; 0 / 52 ( 0 % )                                  ;
; Total PLLs                         ; 0 / 4 ( 0 % )                                   ;
+------------------------------------+-------------------------------------------------+


+-----------------------------------------+
; Flow Settings                           ;
+-------------------+---------------------+
; Option            ; Setting             ;
+-------------------+---------------------+
; Start date & time ; 02/06/2015 19:19:50 ;
; Main task         ; Compilation         ;
; Revision Name     ; Project1            ;
+-------------------+---------------------+


+----------------------------------------------------------------------------------------------------------------------+
; Flow Non-Default Global Settings                                                                                     ;
+-----------------------------------------+---------------------------------+---------------+-------------+------------+
; Assignment Name                         ; Value                           ; Default Value ; Entity Name ; Section Id ;
+-----------------------------------------+---------------------------------+---------------+-------------+------------+
; ADD_PASS_THROUGH_LOGIC_TO_INFERRED_RAMS ; Off                             ; On            ; --          ; --         ;
; COMPILER_SIGNATURE_ID                   ; 250763195642503.142326838918186 ; --            ; --          ; --         ;
; DISABLE_OCP_HW_EVAL                     ; On                              ; Off           ; --          ; --         ;
; ENABLE_DRC_SETTINGS                     ; On                              ; Off           ; --          ; --         ;
; ENABLE_SIGNALTAP                        ; Off                             ; --            ; --          ; --         ;
; MAX_CORE_JUNCTION_TEMP                  ; 85                              ; --            ; --          ; --         ;
; MIN_CORE_JUNCTION_TEMP                  ; 0                               ; --            ; --          ; --         ;
; MISC_FILE                               ; Lectures.dpf                    ; --            ; --          ; --         ;
; PARTITION_COLOR                         ; 16764057                        ; --            ; --          ; Top        ;
; PARTITION_FITTER_PRESERVATION_LEVEL     ; PLACEMENT_AND_ROUTING           ; --            ; --          ; Top        ;
; PARTITION_NETLIST_TYPE                  ; SOURCE                          ; --            ; --          ; Top        ;
; POWER_AUTO_COMPUTE_TJ                   ; Off                             ; On            ; --          ; --         ;
; POWER_TJ_VALUE                          ; 85                              ; 25            ; --          ; --         ;
; SAVE_DISK_SPACE                         ; Off                             ; On            ; --          ; --         ;
; SMART_RECOMPILE                         ; On                              ; Off           ; --          ; --         ;
; TIMEQUEST_DO_REPORT_TIMING              ; On                              ; Off           ; --          ; --         ;
; USE_SIGNALTAP_FILE                      ; Debug.stp                       ; --            ; --          ; --         ;
+-----------------------------------------+---------------------------------+---------------+-------------+------------+


+-------------------------------------------------------------------------------------------------------------------------------+
; Flow Elapsed Time                                                                                                             ;
+---------------------------+--------------+-------------------------+---------------------+------------------------------------+
; Module Name               ; Elapsed Time ; Average Processors Used ; Peak Virtual Memory ; Total CPU Time (on all processors) ;
+---------------------------+--------------+-------------------------+---------------------+------------------------------------+
; Analysis & Synthesis      ; 00:00:05     ; 1.0                     ; 351 MB              ; 00:00:02                           ;
; Fitter                    ; 00:00:11     ; 1.0                     ; 440 MB              ; 00:00:05                           ;
; Assembler                 ; 00:00:03     ; 1.0                     ; 338 MB              ; 00:00:02                           ;
; TimeQuest Timing Analyzer ; 00:00:01     ; 1.0                     ; 299 MB              ; 00:00:01                           ;
; Design Assistant          ; 00:00:00     ; 1.0                     ; 298 MB              ; 00:00:01                           ;
; Total                     ; 00:00:20     ; --                      ; --                  ; 00:00:11                           ;
+---------------------------+--------------+-------------------------+---------------------+------------------------------------+


+--------------------------------------------------------------------------------------------------------+
; Flow OS Summary                                                                                        ;
+---------------------------+-----------------------------+----------------+------------+----------------+
; Module Name               ; Machine Hostname            ; OS Name        ; OS Version ; Processor type ;
+---------------------------+-----------------------------+----------------+------------+----------------+
; Analysis & Synthesis      ; trey-HP-ENVY-15-Notebook-PC ; Ubuntu 14.04.1 ; 14         ; x86_64         ;
; Fitter                    ; trey-HP-ENVY-15-Notebook-PC ; Ubuntu 14.04.1 ; 14         ; x86_64         ;
; Assembler                 ; trey-HP-ENVY-15-Notebook-PC ; Ubuntu 14.04.1 ; 14         ; x86_64         ;
; TimeQuest Timing Analyzer ; trey-HP-ENVY-15-Notebook-PC ; Ubuntu 14.04.1 ; 14         ; x86_64         ;
; Design Assistant          ; trey-HP-ENVY-15-Notebook-PC ; Ubuntu 14.04.1 ; 14         ; x86_64         ;
+---------------------------+-----------------------------+----------------+------------+----------------+


------------
; Flow Log ;
------------
quartus_map --read_settings_files=on --write_settings_files=off Project1 -c Project1
quartus_fit --read_settings_files=off --write_settings_files=off Project1 -c Project1
quartus_asm --read_settings_files=off --write_settings_files=off Project1 -c Project1
quartus_sta Project1 -c Project1
quartus_drc --read_settings_files=off --write_settings_files=off Project1 -c Project1



